<?xml version="1.0" encoding="UTF-8"?>
<!-- Generated by org.testng.reporters.JUnitReportReporter -->
<testsuite hostname="TX60LP519037" failures="0" tests="1" name="com.Whitecirclesschool.demo.TestScripts.AlertBocTimshort" time="8.556" errors="0" timestamp="10 Jan 2019 04:30:02 GMT" skipped="0">
  <testcase classname="com.Whitecirclesschool.demo.TestScripts.AlertBocTimshort" name="Alertbox1" time="8.556"/>
</testsuite> <!-- com.Whitecirclesschool.demo.TestScripts.AlertBocTimshort -->
