<?xml version="1.0" encoding="UTF-8"?>
<!-- Generated by org.testng.reporters.JUnitReportReporter -->
<testsuite skipped="0" hostname="DESKTOP-CQL5URQ" name="com.Whitecirclesschool.demo.TestScripts.Login_Test" tests="1" failures="0" timestamp="12 Jan 2019 05:14:41 GMT" time="3.393" errors="0">
  <testcase name="logininformation" time="3.393" classname="com.Whitecirclesschool.demo.TestScripts.Login_Test"/>
</testsuite> <!-- com.Whitecirclesschool.demo.TestScripts.Login_Test -->
