<?xml version="1.0" encoding="UTF-8"?>
<!-- Generated by org.testng.reporters.JUnitReportReporter -->
<testsuite hostname="TX60LP519037" failures="0" tests="1" name="com.Whitecirclesschool.demo.TestScripts.Login_Test" time="2.321" errors="0" timestamp="30 Dec 2018 15:41:18 GMT" skipped="0">
  <testcase classname="com.Whitecirclesschool.demo.TestScripts.Login_Test" name="logininformation" time="2.321"/>
</testsuite> <!-- com.Whitecirclesschool.demo.TestScripts.Login_Test -->
