<?xml version="1.0" encoding="UTF-8"?>
<!-- Generated by org.testng.reporters.JUnitReportReporter -->
<testsuite hostname="TX60LP519037" failures="0" tests="2" name="com.Whitecirclesschool.demo.TestScripts.DrList_Test" time="17.531" errors="0" timestamp="03 Jan 2019 17:52:42 GMT" skipped="0">
  <testcase classname="com.Whitecirclesschool.demo.TestScripts.DrList_Test" name="DoctorsListValidatio" time="9.280"/>
  <testcase classname="com.Whitecirclesschool.demo.TestScripts.DrList_Test" name="validatelinktext" time="8.251"/>
</testsuite> <!-- com.Whitecirclesschool.demo.TestScripts.DrList_Test -->
