<?xml version="1.0" encoding="UTF-8"?>
<!-- Generated by org.testng.reporters.JUnitReportReporter -->
<testsuite hostname="TX60LP519037" failures="0" tests="1" name="com.Whitecirclesschool.demo.ProjectA1.Pages.AlertBocTimshort" time="8.828" errors="0" timestamp="09 Jan 2019 16:22:00 GMT" skipped="0">
  <testcase classname="com.Whitecirclesschool.demo.ProjectA1.Pages.AlertBocTimshort" name="Alertbox1" time="8.828"/>
</testsuite> <!-- com.Whitecirclesschool.demo.ProjectA1.Pages.AlertBocTimshort -->
