<?xml version="1.0" encoding="UTF-8"?>
<!-- Generated by org.testng.reporters.JUnitReportReporter -->
<testsuite hostname="TX60LP519037" failures="0" tests="4" name="com.Whitecirclesschool.demo.TestScripts.WelcomePage_Test" time="14.842" errors="0" timestamp="03 Jan 2019 16:38:48 GMT" skipped="0">
  <testcase classname="com.Whitecirclesschool.demo.TestScripts.WelcomePage_Test" name="logininformation" time="5.939"/>
  <testcase classname="com.Whitecirclesschool.demo.TestScripts.WelcomePage_Test" name="welcomeMessageValidation" time="3.103"/>
  <testcase classname="com.Whitecirclesschool.demo.TestScripts.WelcomePage_Test" name="LetsWbtn" time="4.600"/>
  <testcase classname="com.Whitecirclesschool.demo.TestScripts.WelcomePage_Test" name="prjectA1page" time="1.200"/>
</testsuite> <!-- com.Whitecirclesschool.demo.TestScripts.WelcomePage_Test -->
