<?xml version="1.0" encoding="UTF-8"?>
<!-- Generated by org.testng.reporters.JUnitReportReporter -->
<testsuite skipped="13" hostname="DESKTOP-CQL5URQ" name="com.Whitecirclesschool.demo.TestScripts.DrTS_Test" tests="13" failures="0" timestamp="12 Jan 2019 05:14:41 GMT" time="0.000" errors="0">
  <testcase name="DoctorsListValidatioN" time="0.000" classname="com.Whitecirclesschool.demo.TestScripts.DrTS_Test">
    <skipped/>
  </testcase> <!-- DoctorsListValidatioN -->
  <testcase name="validateCreate2TimShortpage" time="0.000" classname="com.Whitecirclesschool.demo.TestScripts.DrTS_Test">
    <skipped/>
  </testcase> <!-- validateCreate2TimShortpage -->
  <testcase name="validateButton3TimShortpage" time="0.000" classname="com.Whitecirclesschool.demo.TestScripts.DrTS_Test">
    <skipped/>
  </testcase> <!-- validateButton3TimShortpage -->
  <testcase name="validateButton2TimShortpage" time="0.000" classname="com.Whitecirclesschool.demo.TestScripts.DrTS_Test">
    <skipped/>
  </testcase> <!-- validateButton2TimShortpage -->
  <testcase name="validateTitle3TomShortPage" time="0.000" classname="com.Whitecirclesschool.demo.TestScripts.DrTS_Test">
    <skipped/>
  </testcase> <!-- validateTitle3TomShortPage -->
  <testcase name="validateDesp1TimShortPage" time="0.000" classname="com.Whitecirclesschool.demo.TestScripts.DrTS_Test">
    <skipped/>
  </testcase> <!-- validateDesp1TimShortPage -->
  <testcase name="validateTitle1TomShortPage" time="0.000" classname="com.Whitecirclesschool.demo.TestScripts.DrTS_Test">
    <skipped/>
  </testcase> <!-- validateTitle1TomShortPage -->
  <testcase name="validateCreate3TimShortpage" time="0.000" classname="com.Whitecirclesschool.demo.TestScripts.DrTS_Test">
    <skipped/>
  </testcase> <!-- validateCreate3TimShortpage -->
  <testcase name="validateDesp2TimShortpage" time="0.000" classname="com.Whitecirclesschool.demo.TestScripts.DrTS_Test">
    <skipped/>
  </testcase> <!-- validateDesp2TimShortpage -->
  <testcase name="validateCreate1TimShortpage" time="0.000" classname="com.Whitecirclesschool.demo.TestScripts.DrTS_Test">
    <skipped/>
  </testcase> <!-- validateCreate1TimShortpage -->
  <testcase name="validateTitle2TomShortPage" time="0.000" classname="com.Whitecirclesschool.demo.TestScripts.DrTS_Test">
    <skipped/>
  </testcase> <!-- validateTitle2TomShortPage -->
  <testcase name="validateDesp3TimShortgpage" time="0.000" classname="com.Whitecirclesschool.demo.TestScripts.DrTS_Test">
    <skipped/>
  </testcase> <!-- validateDesp3TimShortgpage -->
  <testcase name="validateButton1TimShortpage" time="0.000" classname="com.Whitecirclesschool.demo.TestScripts.DrTS_Test">
    <skipped/>
  </testcase> <!-- validateButton1TimShortpage -->
</testsuite> <!-- com.Whitecirclesschool.demo.TestScripts.DrTS_Test -->
