<?xml version="1.0" encoding="UTF-8"?>
<!-- Generated by org.testng.reporters.JUnitReportReporter -->
<testsuite skipped="3" hostname="DESKTOP-CQL5URQ" name="com.Whitecirclesschool.demo.TestScripts.WelcomePage_Test" tests="3" failures="0" timestamp="12 Jan 2019 05:14:41 GMT" time="0.000" errors="0">
  <testcase name="verifyWelcomePage" time="0.000" classname="com.Whitecirclesschool.demo.TestScripts.WelcomePage_Test">
    <skipped/>
  </testcase> <!-- verifyWelcomePage -->
  <testcase name="LetsWbtn" time="0.000" classname="com.Whitecirclesschool.demo.TestScripts.WelcomePage_Test">
    <skipped/>
  </testcase> <!-- LetsWbtn -->
  <testcase name="projectA1page" time="0.000" classname="com.Whitecirclesschool.demo.TestScripts.WelcomePage_Test">
    <skipped/>
  </testcase> <!-- projectA1page -->
</testsuite> <!-- com.Whitecirclesschool.demo.TestScripts.WelcomePage_Test -->
